0.1339
0.1279
1.1420
0.1273
0.1285
1.1410
1.2454
0.1355
1.2427
1.1539
1.1489
0.1125
1.1625
1.1530
1.2332
1.1562
1.1093
1.379 
1.1533
1.1516
1.1518
1.1559
0.1275
1.3412
1.395 
1.2312
1.1371
1.1448
1.1531
1.577 
1.1352
1.1532
1.1413
1.1542
1.1524
1.1514
0.1319
1.1503
0.1246
1.1533
0.1289
1.3414
1.1531
1.1529
0.874 
1.1546
0.1342
1.1314
1.347 
1.1516
0.891 
1.1329
1.1366
1.1420
1.453 
1.1372
0.1319
1.1372
1.2351
1.1356
0.1267
0.1292
0.1298
0.1305
1.368 
1.2330
0.1346
0.1297
0.1311
0.1254
0.1295
1.467 
1.433 
1.366 
1.2372
0.1279
0.935 
1.1502
1.1530
1.1355
0.1230
1.1505
1.1523
1.1399
0.1323
1.360 
1.1523
1.1518
1.1528
1.1346
1.1343
0.1296
1.2391
1.371 
0.858 
1.2351
0.1235
1.360 
1.1528
0.1271
