1.929 
1.392 
1.1509
1.2261
1.1355
1.2433
1.1525
1.1512
1.1521
1.1524
1.1500
1.1347
1.2272
1.1530
1.1517
1.1495
1.1532
1.1387
1.3330
1.2324
1.1524
1.2336
1.481 
1.1517
1.1518
1.564 
1.568 
1.1515
1.1526
1.1527
1.1527
1.1506
0.3279
1.2438
1.1534
1.566 
1.1520
1.1521
0.2822
1.1343
1.1540
1.1480
1.2245
1.1514
1.2270
1.1509
1.1529
1.1514
1.2293
1.2262
1.2261
1.1518
1.582 
1.2370
1.2271
1.1513
1.2446
1.1533
1.1535
1.1506
1.1513
1.1529
1.2310
1.1522
1.2282
1.1422
1.1424
1.2259
1.2279
1.2263
1.1528
1.1527
1.1525
1.1537
1.1517
1.1517
1.1529
1.1510
1.1344
1.2264
1.1518
1.1522
1.1520
1.1488
1.2251
1.1517
1.1521
1.978 
1.1358
1.2261
1.2282
1.2402
1.1536
1.1531
1.1523
1.557 
1.1525
1.1521
1.1538
1.1415
