0.1239
0.1296
0.540 
0.1291
0.1361
1.1517
1.1501
0.1309
1.3410
0.9999
1.1503
1.1346
1.1516
1.412 
1.2324
0.1271
0.1267
0.1278
1.1525
1.1331
0.1255
1.3408
1.1509
1.3263
1.442 
1.1508
1.1512
1.1405
0.1229
0.1268
0.534 
0.529 
0.538 
1.1494
1.1515
1.1348
0.1228
1.1242
1.333 
1.1517
1.1511
0.1271
0.1295
1.1481
0.540 
0.1264
0.1028
1.1521
1.1339
0.1273
1.3411
0.542 
1.3418
1.430 
1.1363
0.549 
1.1486
1.1525
0.548 
0.586 
1.439 
1.1542
1.1327
0.1281
0.543 
1.1520
0.1233
1.1488
1.425 
1.1494
1.1524
0.1320
0.526 
1.1500
1.1502
1.1497
0.1227
0.1279
1.2383
0.1244
0.1281
1.1515
0.1232
0.528 
1.1514
1.1385
0.1335
1.1501
1.1517
1.2330
0.1271
0.1350
1.359 
1.2441
0.1227
1.3411
1.1509
1.1509
0.561 
0.513 
