1.2333
1.1499
1.2311
1.2263
1.1512
1.434 
1.1500
1.1425
1.1502
1.1510
1.1509
1.1502
1.1359
1.1509
1.2394
1.1491
1.2267
1.1486
1.1500
1.1512
1.1510
1.3294
1.1497
1.409 
1.1503
1.1507
1.1506
1.1516
1.1512
1.1500
1.1518
1.369 
1.1501
1.1493
1.1338
1.1486
1.1325
1.1497
1.1509
1.1504
1.633 
1.1496
1.1495
1.1510
1.1503
1.3251
1.2269
1.1331
1.322 
1.1512
1.355 
1.1503
1.422 
1.1501
1.1509
1.1455
1.1506
1.2411
1.1484
1.2353
1.1318
1.2444
1.1507
1.2418
1.1500
1.1502
1.1536
1.1523
1.1512
1.1317
1.1510
1.438 
1.1494
1.1501
1.1314
1.1508
1.2418
1.1509
1.1510
1.1499
1.413 
1.1482
1.2348
1.3290
1.2258
1.1518
1.1328
1.326 
1.1512
1.1464
1.1461
1.1504
1.2419
1.1512
1.2258
1.323 
1.437 
1.1474
1.1505
1.1417
